[Start] Crochet started at 2019-12-31 13:04:36.026642
[INFO]: Initializing project for Transfer
[INFO]: loading configuration
[COMMAND]: cp -rf /openssl/CVE-2017-3735/FreeBSD-10.3 /openssl/CVE-2017-3735/FreeBSD-10.3-patch
[INFO]: creating project for /openssl/CVE-2017-3735/openssl-1.1.0f
[INFO]: creating project for /openssl/CVE-2017-3735/openssl-1.1.0g
[INFO]: creating project for /openssl/CVE-2017-3735/FreeBSD-10.3
[INFO]: creating project for /openssl/CVE-2017-3735/FreeBSD-10.3-patch
[INFO]: set environment
[COMMAND]: export PYTHONPATH=/home/rshariffdeen/workspace/z3/build/python
[TRACE]: phases.Building:build: dict_keys([])
[INFO]: Building Projects
[TRACE]: phases.Building:safe_exec: dict_keys(['title', 'args', 'function_def'])
[INFO]: building binaries
[INFO]: running <function build_normal at 0x7f017a0d7e18>
[INFO]: restoring projects
[COMMAND]: cd /openssl/CVE-2017-3735/openssl-1.1.0f/;git clean -fd; git reset --hard HEAD
[COMMAND]: cd /openssl/CVE-2017-3735/openssl-1.1.0g/;git clean -fd; git reset --hard HEAD
[COMMAND]: cd /openssl/CVE-2017-3735/FreeBSD-10.3/;git clean -fd; git reset --hard HEAD
[COMMAND]: cd /openssl/CVE-2017-3735/FreeBSD-10.3-patch/;git clean -fd; git reset --hard HEAD
[INFO]: cleaning projects
[COMMAND]: cd /openssl/CVE-2017-3735/openssl-1.1.0f/; make clean; make distclean; rm compile_commands.json; rm CMakeCache.txt; rm -rf CMakeFiles
[COMMAND]: cd /openssl/CVE-2017-3735/openssl-1.1.0g/; make clean; make distclean; rm compile_commands.json; rm CMakeCache.txt; rm -rf CMakeFiles
[COMMAND]: cd /openssl/CVE-2017-3735/FreeBSD-10.3/; make clean; make distclean; rm compile_commands.json; rm CMakeCache.txt; rm -rf CMakeFiles
[COMMAND]: cd /openssl/CVE-2017-3735/FreeBSD-10.3-patch/; make clean; make distclean; rm compile_commands.json; rm CMakeCache.txt; rm -rf CMakeFiles
[INFO]: configuring projects
[INFO]: building projects
[COMMAND]: cd /openssl/CVE-2017-3735/openssl-1.1.0f/;bear make CFLAGS='-g -O0 -DNDEBUG ' CXXFLAGS='-g -O0 -DNDEBUG ' > /crochet/logs/CVE-2017-3735/log-make
[ERROR]: cd /openssl/CVE-2017-3735/openssl-1.1.0f/;bear make CFLAGS='-g -O0 -DNDEBUG ' CXXFLAGS='-g -O0 -DNDEBUG ' > /crochet/logs/CVE-2017-3735/log-make
[ERROR]: BUILD FAILED!!
Exit Code: 2
[ERROR]: BUILD FAILED!!
Exit Code: 2
[ERROR]: Crash during building binaries, after 12.117642879486084 seconds.
[ERROR]: Error. Exiting...
[ERROR]: Error. Exiting...
[ERROR]: Unexpected error during building binaries.
[ERROR]: Unexpected error during building binaries.
