[Sat Apr 24 18:40:13 2021][COMMAND]: export PYTHONPATH=/home/rshariffdeen/workspace/z3/build/python
[Sat Apr 24 18:40:13 2021][COMMAND]: cd /data/backport/linux/241/pa/;git clean -fd; git reset --hard HEAD
[Sat Apr 24 18:40:14 2021][COMMAND]: cd /data/backport/linux/241/pb/;git clean -fd; git reset --hard HEAD
[Sat Apr 24 18:40:15 2021][COMMAND]: cd /data/backport/linux/241/pc/;git clean -fd; git reset --hard HEAD
[Sat Apr 24 18:40:15 2021][COMMAND]: cd /data/backport/linux/241/pc-patch/;git clean -fd; git reset --hard HEAD; git checkout 0a4cdc47f96f44c55cfa5a80ff383db2304dd734
[Sat Apr 24 18:40:24 2021][COMMAND]: cd /data/backport/linux/241/pe/;git clean -fd; git reset --hard HEAD
[Sat Apr 24 18:40:26 2021][COMMAND]: cd /data/backport/linux/241/pa/; make clean; make distclean; rm CMakeCache.txt; rm -rf CMakeFiles
[Sat Apr 24 18:40:34 2021][COMMAND]: cd /data/backport/linux/241/pb/; make clean; make distclean; rm CMakeCache.txt; rm -rf CMakeFiles
[Sat Apr 24 18:40:42 2021][COMMAND]: cd /data/backport/linux/241/pc/; make clean; make distclean; rm CMakeCache.txt; rm -rf CMakeFiles
[Sat Apr 24 18:40:46 2021][COMMAND]: cd /data/backport/linux/241/pc-patch/; make clean; make distclean; rm CMakeCache.txt; rm -rf CMakeFiles
[Sat Apr 24 18:40:59 2021][COMMAND]: cd /data/backport/linux/241/pe/; make clean; make distclean; rm CMakeCache.txt; rm -rf CMakeFiles
[Sat Apr 24 18:41:11 2021][COMMAND]: cd /data/backport/linux/241/pa/;make allyesconfig
[Sat Apr 24 18:41:13 2021][COMMAND]: cd /data/backport/linux/241/pb/;make allyesconfig
[Sat Apr 24 18:41:16 2021][COMMAND]: cd /data/backport/linux/241/pc/;make allyesconfig
[Sat Apr 24 18:41:18 2021][COMMAND]: cd /data/backport/linux/241/pc-patch/;make allyesconfig
[Sat Apr 24 18:41:20 2021][COMMAND]: cd /data/backport/linux/241/pe/;make allyesconfig
[Sat Apr 24 18:41:22 2021][COMMAND]: cd /data/backport/linux/241/pa/;bear make fs/hpfs/super.o > /FixMorph/logs/log-make 2>&1
[Sat Apr 24 18:41:34 2021][COMMAND]: cd /data/backport/linux/241/pa/;cp compile_commands.json /FixMorph/output/linux-241/compile_commands.json.pa
[Sat Apr 24 18:41:34 2021][COMMAND]: cd /data/backport/linux/241/pb/;bear make fs/hpfs/super.o > /FixMorph/logs/log-make 2>&1
[Sat Apr 24 18:41:46 2021][COMMAND]: cd /data/backport/linux/241/pb/;cp compile_commands.json /FixMorph/output/linux-241/compile_commands.json.pb
[Sat Apr 24 18:41:46 2021][COMMAND]: cd /data/backport/linux/241/pc/;bear make fs/hpfs/super.o > /FixMorph/logs/log-make 2>&1
[Sat Apr 24 18:41:54 2021][COMMAND]: cd /data/backport/linux/241/pc/;cp compile_commands.json /FixMorph/output/linux-241/compile_commands.json.pc
[Sat Apr 24 18:41:54 2021][COMMAND]: cd /data/backport/linux/241/pc-patch/;bear make fs/hpfs/super.o > /FixMorph/logs/log-make 2>&1
[Sat Apr 24 18:42:01 2021][COMMAND]: cd /data/backport/linux/241/pc-patch/;cp compile_commands.json /FixMorph/output/linux-241/compile_commands.json.pc-patch
[Sat Apr 24 18:42:01 2021][COMMAND]: cd /data/backport/linux/241/pe/;bear make fs/hpfs/super.o > /FixMorph/logs/log-make 2>&1
[Sat Apr 24 18:42:08 2021][COMMAND]: cd /data/backport/linux/241/pe/;cp compile_commands.json /FixMorph/output/linux-241/compile_commands.json.pe
[Sat Apr 24 18:42:08 2021][COMMAND]: find /data/backport/linux/241/pa -type f -not -name '*\.c' -not -name '*\.h' > /FixMorph/output/linux-241/tmp/excluded-extensions-a
[Sat Apr 24 18:42:08 2021][COMMAND]: find /data/backport/linux/241/pb -type f -not -name '*\.c' -not -name '*\.h' > /FixMorph/output/linux-241/tmp/excluded-extensions-b
[Sat Apr 24 18:42:09 2021][COMMAND]: cd /data/backport/linux/241/pa;git ls-files --others --exclude-standard > /FixMorph/output/linux-241/tmp/excluded-extensions
[Sat Apr 24 18:42:09 2021][COMMAND]: diff -ENBZbwr /data/backport/linux/241/pa/fs/hpfs/super.c /data/backport/linux/241/pb/fs/hpfs/super.c > /FixMorph/output/linux-241/temp_diff
[Sat Apr 24 18:42:09 2021][COMMAND]: cat /data/backport/linux/241/pa/fs/hpfs/super.c | grep '#include' > /FixMorph/output/linux-241/tmp/header-list
[Sat Apr 24 18:42:09 2021][COMMAND]: cat /data/backport/linux/241/pb/fs/hpfs/super.c | grep '#include' > /FixMorph/output/linux-241/tmp/header-list
[Sat Apr 24 18:42:09 2021][COMMAND]: cat /data/backport/linux/241/pa/fs/hpfs/super.c | grep '#if' > /FixMorph/output/linux-241/tmp/result
[Sat Apr 24 18:42:09 2021][COMMAND]: crochet-diff -ast-dump-json /data/backport/linux/241/pa/fs/hpfs/super.c 2> /FixMorph/output/linux-241/errors_AST_dump > /data/backport/linux/241/pa/fs/hpfs/super.c.AST
[Sat Apr 24 18:42:12 2021][COMMAND]: echo /data/backport/linux/241/pa/fs/hpfs/super.c.func_hpfs_error.vec >> /FixMorph/output/linux-241/tmp/deckard_error_log; third-party/Deckard/cvecgen_fail  --start-line-number 57 --end-line-number 86 /data/backport/linux/241/pa/fs/hpfs/super.c -o /data/backport/linux/241/pa/fs/hpfs/super.c.func_hpfs_error.vec 2> /FixMorph/output/linux-241/tmp/deckard_error_log
[Sat Apr 24 18:42:12 2021][COMMAND]: echo /data/backport/linux/241/pa/fs/hpfs/super.c.var_err_buf.vec >> /FixMorph/output/linux-241/tmp/deckard_error_log; third-party/Deckard/cvecgen_fail  --start-line-number 55 --end-line-number 55 /data/backport/linux/241/pa/fs/hpfs/super.c -o /data/backport/linux/241/pa/fs/hpfs/super.c.var_err_buf.vec 2> /FixMorph/output/linux-241/tmp/deckard_error_log
[Sat Apr 24 18:42:12 2021][COMMAND]: cat /data/backport/linux/241/pc/fs/hpfs/super.c | grep '#if' > /FixMorph/output/linux-241/tmp/result
[Sat Apr 24 18:42:12 2021][COMMAND]: crochet-diff -ast-dump-json /data/backport/linux/241/pc/fs/hpfs/super.c 2> /FixMorph/output/linux-241/errors_AST_dump > /data/backport/linux/241/pc/fs/hpfs/super.c.AST
[Sat Apr 24 18:42:14 2021][COMMAND]: crochet-diff -ast-dump-json /data/backport/linux/241/pc/fs/hpfs/super.c 2> /FixMorph/output/linux-241/errors_AST_dump > /data/backport/linux/241/pc/fs/hpfs/super.c.AST
[Sat Apr 24 18:42:15 2021][COMMAND]: crochet-diff -ast-dump-json    /data/backport/linux/241/pc/fs/hpfs/super.c 2> /FixMorph/output/linux-241/errors_AST_dump > /data/backport/linux/241/pc/fs/hpfs/super.c.AST
[Sat Apr 24 18:42:18 2021][COMMAND]: crochet-diff -ast-dump-json    /data/backport/linux/241/pc/fs/hpfs/super.c 2> /FixMorph/output/linux-241/errors_AST_dump > /data/backport/linux/241/pc/fs/hpfs/super.c.AST
[Sat Apr 24 18:42:20 2021][COMMAND]: find /data/backport/linux/241/pa/ -name '*.func_*\.vec'  > /FixMorph/output/linux-241/vectors_C_Pa
[Sat Apr 24 18:42:20 2021][COMMAND]: echo /data/backport/linux/241/pc/fs/hpfs/super.c.func_hpfs_error.vec >> /FixMorph/output/linux-241/tmp/deckard_error_log; third-party/Deckard/cvecgen_fail  --start-line-number 57 --end-line-number 82 /data/backport/linux/241/pc/fs/hpfs/super.c -o /data/backport/linux/241/pc/fs/hpfs/super.c.func_hpfs_error.vec 2> /FixMorph/output/linux-241/tmp/deckard_error_log
[Sat Apr 24 18:42:20 2021][COMMAND]: echo /data/backport/linux/241/pc/fs/hpfs/super.c.var_hpfs_sops.vec >> /FixMorph/output/linux-241/tmp/deckard_error_log; third-party/Deckard/cvecgen_fail  --start-line-number 442 --end-line-number 451 /data/backport/linux/241/pc/fs/hpfs/super.c -o /data/backport/linux/241/pc/fs/hpfs/super.c.var_hpfs_sops.vec 2> /FixMorph/output/linux-241/tmp/deckard_error_log
[Sat Apr 24 18:42:20 2021][COMMAND]: echo /data/backport/linux/241/pc/fs/hpfs/super.c.var_err_buf.vec >> /FixMorph/output/linux-241/tmp/deckard_error_log; third-party/Deckard/cvecgen_fail  --start-line-number 55 --end-line-number 55 /data/backport/linux/241/pc/fs/hpfs/super.c -o /data/backport/linux/241/pc/fs/hpfs/super.c.var_err_buf.vec 2> /FixMorph/output/linux-241/tmp/deckard_error_log
[Sat Apr 24 18:42:20 2021][COMMAND]: echo /data/backport/linux/241/pc/fs/hpfs/super.c.var_tokens.vec >> /FixMorph/output/linux-241/tmp/deckard_error_log; third-party/Deckard/cvecgen_fail  --start-line-number 231 --end-line-number 252 /data/backport/linux/241/pc/fs/hpfs/super.c -o /data/backport/linux/241/pc/fs/hpfs/super.c.var_tokens.vec 2> /FixMorph/output/linux-241/tmp/deckard_error_log
[Sat Apr 24 18:42:20 2021][COMMAND]: echo /data/backport/linux/241/pc/fs/hpfs/super.c.var_hpfs_inode_cachep.vec >> /FixMorph/output/linux-241/tmp/deckard_error_log; third-party/Deckard/cvecgen_fail  --start-line-number 169 --end-line-number 169 /data/backport/linux/241/pc/fs/hpfs/super.c -o /data/backport/linux/241/pc/fs/hpfs/super.c.var_hpfs_inode_cachep.vec 2> /FixMorph/output/linux-241/tmp/deckard_error_log
[Sat Apr 24 18:42:20 2021][COMMAND]: echo /data/backport/linux/241/pc/fs/hpfs/super.c.var_hpfs_fs_type.vec >> /FixMorph/output/linux-241/tmp/deckard_error_log; third-party/Deckard/cvecgen_fail  --start-line-number 688 --end-line-number 694 /data/backport/linux/241/pc/fs/hpfs/super.c -o /data/backport/linux/241/pc/fs/hpfs/super.c.var_hpfs_fs_type.vec 2> /FixMorph/output/linux-241/tmp/deckard_error_log
[Sat Apr 24 18:42:20 2021][COMMAND]: find /data/backport/linux/241/pa/ -name '*.func_*\.vec'  > /FixMorph/output/linux-241/vectors_C_Pa
[Sat Apr 24 18:42:21 2021][COMMAND]: find /data/backport/linux/241/pc/ -name '*.func_*\.vec'  > /FixMorph/output/linux-241/vectors_C_Pc
[Sat Apr 24 18:42:21 2021][COMMAND]: crochet-diff -ast-dump-json /data/backport/linux/241/pa/fs/hpfs/super.c 2> /FixMorph/output/linux-241/errors_AST_dump > /data/backport/linux/241/pa/fs/hpfs/super.c.AST
[Sat Apr 24 18:42:26 2021][COMMAND]: crochet-patch -s=1000 -script=/FixMorph/output/linux-241/super.c.func.hpfs_error.slice.ast -source=/data/backport/linux/241/pa/fs/hpfs/super.c -destination=/data/backport/linux/241/pa/fs/hpfs/super.c -target=/data/backport/linux/241/pa/fs/hpfs/super.c -map= 2> output/errors > /data/backport/linux/241/pa/fs/hpfs/super.c.func.hpfs_error.slice
[Sat Apr 24 18:42:31 2021][COMMAND]: crochet-diff -ast-dump-json /data/backport/linux/241/pc/fs/hpfs/super.c 2> /FixMorph/output/linux-241/errors_AST_dump > /data/backport/linux/241/pc/fs/hpfs/super.c.AST
[Sat Apr 24 18:42:34 2021][COMMAND]: crochet-patch -s=1000 -script=/FixMorph/output/linux-241/super.c.func.hpfs_error.slice.ast -source=/data/backport/linux/241/pc/fs/hpfs/super.c -destination=/data/backport/linux/241/pc/fs/hpfs/super.c -target=/data/backport/linux/241/pc/fs/hpfs/super.c -map= 2> output/errors > /data/backport/linux/241/pc/fs/hpfs/super.c.func.hpfs_error.slice
[Sat Apr 24 18:42:37 2021][COMMAND]: crochet-diff -ast-dump-json /data/backport/linux/241/pa/fs/hpfs/super.c 2> /FixMorph/output/linux-241/errors_AST_dump > /data/backport/linux/241/pa/fs/hpfs/super.c.AST
[Sat Apr 24 18:42:42 2021][COMMAND]: crochet-diff -ast-dump-json /data/backport/linux/241/pc/fs/hpfs/super.c 2> /FixMorph/output/linux-241/errors_AST_dump > /data/backport/linux/241/pc/fs/hpfs/super.c.AST
[Sat Apr 24 18:42:46 2021][COMMAND]: crochet-diff  -s=1000 -dump-matches /data/backport/linux/241/pa/fs/hpfs/super.c /data/backport/linux/241/pc/fs/hpfs/super.c 2> output/errors_clang_diff  > /FixMorph/output/linux-241/tmp/morph.map
[Sat Apr 24 18:44:11 2021][COMMAND]: find /data/backport/linux/241/pa/ -name '*.var_*\.vec'  > /FixMorph/output/linux-241/vectors_C_Pa
[Sat Apr 24 18:44:11 2021][COMMAND]: find /data/backport/linux/241/pc/ -name '*.var_*\.vec'  > /FixMorph/output/linux-241/vectors_C_Pc
[Sat Apr 24 18:44:12 2021][COMMAND]: crochet-diff -ast-dump-json /data/backport/linux/241/pa/fs/hpfs/super.c 2> /FixMorph/output/linux-241/errors_AST_dump > /data/backport/linux/241/pa/fs/hpfs/super.c.AST
[Sat Apr 24 18:44:16 2021][COMMAND]: crochet-patch -s=1000 -script=/FixMorph/output/linux-241/super.c.var.err_buf.slice.ast -source=/data/backport/linux/241/pa/fs/hpfs/super.c -destination=/data/backport/linux/241/pa/fs/hpfs/super.c -target=/data/backport/linux/241/pa/fs/hpfs/super.c -map= 2> output/errors > /data/backport/linux/241/pa/fs/hpfs/super.c.var.err_buf.slice
[Sat Apr 24 18:44:21 2021][COMMAND]: crochet-diff -ast-dump-json /data/backport/linux/241/pc/fs/hpfs/super.c 2> /FixMorph/output/linux-241/errors_AST_dump > /data/backport/linux/241/pc/fs/hpfs/super.c.AST
[Sat Apr 24 18:44:24 2021][COMMAND]: crochet-patch -s=1000 -script=/FixMorph/output/linux-241/super.c.var.err_buf.slice.ast -source=/data/backport/linux/241/pc/fs/hpfs/super.c -destination=/data/backport/linux/241/pc/fs/hpfs/super.c -target=/data/backport/linux/241/pc/fs/hpfs/super.c -map= 2> output/errors > /data/backport/linux/241/pc/fs/hpfs/super.c.var.err_buf.slice
[Sat Apr 24 18:44:27 2021][COMMAND]: crochet-diff -ast-dump-json /data/backport/linux/241/pa/fs/hpfs/super.c 2> /FixMorph/output/linux-241/errors_AST_dump > /data/backport/linux/241/pa/fs/hpfs/super.c.AST
[Sat Apr 24 18:44:31 2021][COMMAND]: crochet-diff -ast-dump-json /data/backport/linux/241/pc/fs/hpfs/super.c 2> /FixMorph/output/linux-241/errors_AST_dump > /data/backport/linux/241/pc/fs/hpfs/super.c.AST
[Sat Apr 24 18:44:34 2021][COMMAND]: crochet-diff  -s=1000 -dump-matches /data/backport/linux/241/pa/fs/hpfs/super.c /data/backport/linux/241/pc/fs/hpfs/super.c 2> output/errors_clang_diff  > /FixMorph/output/linux-241/tmp/morph.map
[Sat Apr 24 18:45:59 2021][COMMAND]: crochet-diff -ast-dump-json /data/backport/linux/241/pb/fs/hpfs/super.c 2> /FixMorph/output/linux-241/errors_AST_dump > /data/backport/linux/241/pb/fs/hpfs/super.c.AST
[Sat Apr 24 18:46:03 2021][COMMAND]: crochet-patch -s=1000 -script=/FixMorph/output/linux-241/super.c.func.hpfs_error.slice.ast -source=/data/backport/linux/241/pb/fs/hpfs/super.c -destination=/data/backport/linux/241/pb/fs/hpfs/super.c -target=/data/backport/linux/241/pb/fs/hpfs/super.c -map= 2> output/errors > /data/backport/linux/241/pb/fs/hpfs/super.c.func.hpfs_error.slice
[Sat Apr 24 18:46:07 2021][COMMAND]: crochet-diff -ast-dump-json /data/backport/linux/241/pc-patch//fs/hpfs/super.c 2> /FixMorph/output/linux-241/errors_AST_dump > /data/backport/linux/241/pc-patch//fs/hpfs/super.c.AST
[Sat Apr 24 18:46:10 2021][COMMAND]: crochet-patch -s=1000 -script=/FixMorph/output/linux-241/super.c.func.hpfs_error.slice.ast -source=/data/backport/linux/241/pc-patch//fs/hpfs/super.c -destination=/data/backport/linux/241/pc-patch//fs/hpfs/super.c -target=/data/backport/linux/241/pc-patch//fs/hpfs/super.c -map= 2> output/errors > /data/backport/linux/241/pc-patch//fs/hpfs/super.c.func.hpfs_error.slice
[Sat Apr 24 18:46:13 2021][COMMAND]: crochet-diff -ast-dump-json /data/backport/linux/241/pa/fs/hpfs/super.c 2> /FixMorph/output/linux-241/errors_AST_dump > /data/backport/linux/241/pa/fs/hpfs/super.c.AST
[Sat Apr 24 18:46:18 2021][COMMAND]: crochet-diff -ast-dump-json /data/backport/linux/241/pb/fs/hpfs/super.c 2> /FixMorph/output/linux-241/errors_AST_dump > /data/backport/linux/241/pb/fs/hpfs/super.c.AST
[Sat Apr 24 18:46:22 2021][COMMAND]: crochet-diff -ast-dump-json /data/backport/linux/241/pc-patch//fs/hpfs/super.c 2> /FixMorph/output/linux-241/errors_AST_dump > /data/backport/linux/241/pc-patch//fs/hpfs/super.c.AST
[Sat Apr 24 18:46:25 2021][COMMAND]: crochet-diff  -s=1000 -dump-matches /data/backport/linux/241/pa/fs/hpfs/super.c /data/backport/linux/241/pb/fs/hpfs/super.c 2> output/errors_clang_diff  > /FixMorph/output/linux-241/tmp/diff_script_AB
[Sat Apr 24 18:47:15 2021][COMMAND]: crochet-diff  -s=1000 -dump-matches /data/backport/linux/241/pa/fs/hpfs/super.c /data/backport/linux/241/pb/fs/hpfs/super.c 2> output/errors_clang_diff  > /FixMorph/output/linux-241/tmp/diff_script_AB
[Sat Apr 24 18:48:07 2021][COMMAND]: crochet-diff -ast-dump-json /data/backport/linux/241/pa/fs/hpfs/super.c 2> /FixMorph/output/linux-241/errors_AST_dump > /data/backport/linux/241/pa/fs/hpfs/super.c.AST
[Sat Apr 24 18:48:12 2021][COMMAND]: crochet-diff -ast-dump-json /data/backport/linux/241/pc/fs/hpfs/super.c 2> /FixMorph/output/linux-241/errors_AST_dump > /data/backport/linux/241/pc/fs/hpfs/super.c.AST
[Sat Apr 24 18:48:15 2021][COMMAND]: crochet-diff  -s=1000 -dump-matches /data/backport/linux/241/pa/fs/hpfs/super.c /data/backport/linux/241/pc/fs/hpfs/super.c 2> output/errors_clang_diff  > /FixMorph/output/linux-241/super.c.func.hpfs_error.slice.map
[Sat Apr 24 18:49:41 2021][COMMAND]: crochet-diff -ast-dump-json /data/backport/linux/241/pa/fs/hpfs/super.c 2> /FixMorph/output/linux-241/errors_AST_dump > /data/backport/linux/241/pa/fs/hpfs/super.c.AST
[Sat Apr 24 18:49:47 2021][COMMAND]: crochet-diff -ast-dump-json /data/backport/linux/241/pc/fs/hpfs/super.c 2> /FixMorph/output/linux-241/errors_AST_dump > /data/backport/linux/241/pc/fs/hpfs/super.c.AST
[Sat Apr 24 18:52:18 2021][COMMAND]: crochet-diff -ast-dump-json /data/backport/linux/241/pa/fs/hpfs/super.c 2> /FixMorph/output/linux-241/errors_AST_dump > /data/backport/linux/241/pa/fs/hpfs/super.c.AST
[Sat Apr 24 18:52:22 2021][COMMAND]: crochet-diff -ast-dump-json /data/backport/linux/241/pc/fs/hpfs/super.c 2> /FixMorph/output/linux-241/errors_AST_dump > /data/backport/linux/241/pc/fs/hpfs/super.c.AST
[Sat Apr 24 18:52:34 2021][COMMAND]: crochet-diff -ast-dump-json /data/backport/linux/241/pa/fs/hpfs/super.c 2> /FixMorph/output/linux-241/errors_AST_dump > /data/backport/linux/241/pa/fs/hpfs/super.c.AST
[Sat Apr 24 18:52:38 2021][COMMAND]: crochet-diff -ast-dump-json /data/backport/linux/241/pc/fs/hpfs/super.c 2> /FixMorph/output/linux-241/errors_AST_dump > /data/backport/linux/241/pc/fs/hpfs/super.c.AST
[Sat Apr 24 18:52:41 2021][COMMAND]: crochet-diff  -s=1000 -dump-matches /data/backport/linux/241/pa/fs/hpfs/super.c /data/backport/linux/241/pc/fs/hpfs/super.c 2> output/errors_clang_diff  > /FixMorph/output/linux-241/super.c.var.err_buf.slice.map
[Sat Apr 24 18:54:06 2021][COMMAND]: crochet-diff -ast-dump-json /data/backport/linux/241/pa/fs/hpfs/super.c 2> /FixMorph/output/linux-241/errors_AST_dump > /data/backport/linux/241/pa/fs/hpfs/super.c.AST
[Sat Apr 24 18:54:12 2021][COMMAND]: crochet-diff -ast-dump-json /data/backport/linux/241/pc/fs/hpfs/super.c 2> /FixMorph/output/linux-241/errors_AST_dump > /data/backport/linux/241/pc/fs/hpfs/super.c.AST
[Sat Apr 24 18:56:44 2021][COMMAND]: crochet-diff -ast-dump-json /data/backport/linux/241/pa/fs/hpfs/super.c 2> /FixMorph/output/linux-241/errors_AST_dump > /data/backport/linux/241/pa/fs/hpfs/super.c.AST
[Sat Apr 24 18:56:48 2021][COMMAND]: crochet-diff -ast-dump-json /data/backport/linux/241/pc/fs/hpfs/super.c 2> /FixMorph/output/linux-241/errors_AST_dump > /data/backport/linux/241/pc/fs/hpfs/super.c.AST
[Sat Apr 24 18:57:02 2021][COMMAND]: crochet-diff -ast-dump-json /data/backport/linux/241/pa/fs/hpfs/super.c 2> /FixMorph/output/linux-241/errors_AST_dump > /data/backport/linux/241/pa/fs/hpfs/super.c.AST
[Sat Apr 24 18:57:07 2021][COMMAND]: crochet-diff -ast-dump-json /data/backport/linux/241/pc/fs/hpfs/super.c 2> /FixMorph/output/linux-241/errors_AST_dump > /data/backport/linux/241/pc/fs/hpfs/super.c.AST
[Sat Apr 24 18:57:10 2021][COMMAND]: crochet-diff  -s=1000 -ast-dump-json /data/backport/linux/241/pa/fs/hpfs/super.c 2> /FixMorph/output/linux-241/errors_AST_dump > /FixMorph/output/linux-241/json_Pa
[Sat Apr 24 18:57:14 2021][COMMAND]: crochet-diff  -s=1000 -ast-dump-json /data/backport/linux/241/pb/fs/hpfs/super.c 2> /FixMorph/output/linux-241/errors_AST_dump > /FixMorph/output/linux-241/json_Pb
[Sat Apr 24 18:57:17 2021][COMMAND]: crochet-diff  -s=1000 -ast-dump-json /data/backport/linux/241/pc/fs/hpfs/super.c 2> /FixMorph/output/linux-241/errors_AST_dump > /FixMorph/output/linux-241/json_Pc
[Sat Apr 24 18:57:21 2021][COMMAND]: crochet-diff -ast-dump-json /data/backport/linux/241/pa/fs/hpfs/super.c 2> /FixMorph/output/linux-241/errors_AST_dump > /data/backport/linux/241/pa/fs/hpfs/super.c.AST
[Sat Apr 24 18:57:25 2021][COMMAND]: crochet-diff -ast-dump-json /data/backport/linux/241/pc/fs/hpfs/super.c 2> /FixMorph/output/linux-241/errors_AST_dump > /data/backport/linux/241/pc/fs/hpfs/super.c.AST
[Sat Apr 24 18:57:28 2021][COMMAND]: crochet-diff  -s=1000 -ast-dump-json /data/backport/linux/241/pa/fs/hpfs/super.c 2> /FixMorph/output/linux-241/errors_AST_dump > /FixMorph/output/linux-241/json_Pa
[Sat Apr 24 18:57:32 2021][COMMAND]: crochet-diff  -s=1000 -ast-dump-json /data/backport/linux/241/pb/fs/hpfs/super.c 2> /FixMorph/output/linux-241/errors_AST_dump > /FixMorph/output/linux-241/json_Pb
[Sat Apr 24 18:57:36 2021][COMMAND]: crochet-diff  -s=1000 -ast-dump-json /data/backport/linux/241/pc/fs/hpfs/super.c 2> /FixMorph/output/linux-241/errors_AST_dump > /FixMorph/output/linux-241/json_Pc
[Sat Apr 24 18:57:38 2021][COMMAND]: crochet-diff -ast-dump-json /data/backport/linux/241/pa/fs/hpfs/super.c 2> /FixMorph/output/linux-241/errors_AST_dump > /data/backport/linux/241/pa/fs/hpfs/super.c.AST
[Sat Apr 24 18:57:43 2021][COMMAND]: crochet-diff -ast-dump-json /data/backport/linux/241/pb/fs/hpfs/super.c 2> /FixMorph/output/linux-241/errors_AST_dump > /data/backport/linux/241/pb/fs/hpfs/super.c.AST
[Sat Apr 24 18:57:47 2021][COMMAND]: crochet-diff -ast-dump-json /data/backport/linux/241/pc/fs/hpfs/super.c 2> /FixMorph/output/linux-241/errors_AST_dump > /data/backport/linux/241/pc/fs/hpfs/super.c.AST
[Sat Apr 24 18:57:51 2021][COMMAND]: crochet-diff -ast-dump-json /data/backport/linux/241/pb/fs/hpfs/super.c 2> /FixMorph/output/linux-241/errors_AST_dump > /data/backport/linux/241/pb/fs/hpfs/super.c.AST
[Sat Apr 24 18:57:56 2021][COMMAND]: crochet-diff -ast-dump-json /data/backport/linux/241/pc/fs/hpfs/super.c 2> /FixMorph/output/linux-241/errors_AST_dump > /data/backport/linux/241/pc/fs/hpfs/super.c.AST
[Sat Apr 24 18:58:00 2021][COMMAND]: crochet-diff -ast-dump-json /data/backport/linux/241/pa/fs/hpfs/super.c 2> /FixMorph/output/linux-241/errors_AST_dump > /data/backport/linux/241/pa/fs/hpfs/super.c.AST
[Sat Apr 24 18:58:07 2021][COMMAND]: crochet-diff -ast-dump-json /data/backport/linux/241/pb/fs/hpfs/super.c 2> /FixMorph/output/linux-241/errors_AST_dump > /data/backport/linux/241/pb/fs/hpfs/super.c.AST
[Sat Apr 24 18:58:12 2021][COMMAND]: crochet-diff -ast-dump-json /data/backport/linux/241/pc/fs/hpfs/super.c 2> /FixMorph/output/linux-241/errors_AST_dump > /data/backport/linux/241/pc/fs/hpfs/super.c.AST
[Sat Apr 24 18:58:16 2021][COMMAND]: crochet-diff -ast-dump-json /data/backport/linux/241/pa/fs/hpfs/super.c 2> /FixMorph/output/linux-241/errors_AST_dump > /data/backport/linux/241/pa/fs/hpfs/super.c.AST
[Sat Apr 24 18:58:20 2021][COMMAND]: crochet-diff -ast-dump-json /data/backport/linux/241/pb/fs/hpfs/super.c 2> /FixMorph/output/linux-241/errors_AST_dump > /data/backport/linux/241/pb/fs/hpfs/super.c.AST
[Sat Apr 24 18:58:26 2021][COMMAND]: crochet-diff -ast-dump-json /data/backport/linux/241/pc/fs/hpfs/super.c 2> /FixMorph/output/linux-241/errors_AST_dump > /data/backport/linux/241/pc/fs/hpfs/super.c.AST
[Sat Apr 24 18:58:29 2021][COMMAND]: crochet-diff -ast-dump-json /data/backport/linux/241/pb/fs/hpfs/super.c 2> /FixMorph/output/linux-241/errors_AST_dump > /data/backport/linux/241/pb/fs/hpfs/super.c.AST
[Sat Apr 24 18:58:34 2021][COMMAND]: crochet-diff -ast-dump-json /data/backport/linux/241/pc/fs/hpfs/super.c 2> /FixMorph/output/linux-241/errors_AST_dump > /data/backport/linux/241/pc/fs/hpfs/super.c.AST
[Sat Apr 24 18:58:38 2021][COMMAND]: crochet-diff -ast-dump-json /data/backport/linux/241/pa/fs/hpfs/super.c 2> /FixMorph/output/linux-241/errors_AST_dump > /data/backport/linux/241/pa/fs/hpfs/super.c.AST
[Sat Apr 24 18:58:44 2021][COMMAND]: crochet-diff -ast-dump-json /data/backport/linux/241/pb/fs/hpfs/super.c 2> /FixMorph/output/linux-241/errors_AST_dump > /data/backport/linux/241/pb/fs/hpfs/super.c.AST
[Sat Apr 24 18:58:48 2021][COMMAND]: crochet-diff -ast-dump-json /data/backport/linux/241/pc/fs/hpfs/super.c 2> /FixMorph/output/linux-241/errors_AST_dump > /data/backport/linux/241/pc/fs/hpfs/super.c.AST
[Sat Apr 24 18:58:52 2021][COMMAND]: crochet-diff -ast-dump-json /data/backport/linux/241/pb/fs/hpfs/super.c 2> /FixMorph/output/linux-241/errors_AST_dump > /data/backport/linux/241/pb/fs/hpfs/super.c.AST
[Sat Apr 24 18:58:56 2021][COMMAND]: cp /data/backport/linux/241/pc/fs/hpfs/super.c /FixMorph/backup/1_super.c
[Sat Apr 24 18:58:57 2021][COMMAND]: crochet-patch -s=1000 -script=/FixMorph/output/linux-241/hpfs_error_script -source=/data/backport/linux/241/pa/fs/hpfs/super.c -destination=/data/backport/linux/241/pb/fs/hpfs/super.c -target=/data/backport/linux/241/pc/fs/hpfs/super.c -map=/FixMorph/output/linux-241/namespace-map-local > /FixMorph/output/linux-241/tmp/temp-fix 2> /FixMorph/logs/log-error
[Sat Apr 24 19:01:17 2021][COMMAND]: cp /FixMorph/output/linux-241/tmp/temp-fix /data/backport/linux/241/pc-patch/fs/hpfs/super.c
[Sat Apr 24 19:01:17 2021][COMMAND]: diff -ENZBbwr /data/backport/linux/241/pc/fs/hpfs/super.c /data/backport/linux/241/pc-patch/fs/hpfs/super.c > /FixMorph/output/linux-241/tmp/gen-patch
[Sat Apr 24 19:01:17 2021][COMMAND]: clang-check -fixit /data/backport/linux/241/pc-patch/fs/hpfs/super.c 2>/FixMorph/output/linux-241/1_syntax_errors
[Sat Apr 24 19:01:18 2021][COMMAND]: crochet-diff -ast-dump-json /data/backport/linux/241/pb/fs/hpfs/super.c 2> /FixMorph/output/linux-241/errors_AST_dump > /data/backport/linux/241/pb/fs/hpfs/super.c.AST
[Sat Apr 24 19:01:22 2021][COMMAND]: crochet-patch -s=1000 -script=/FixMorph/output/linux-241/err_buf_script -source=/data/backport/linux/241/pa/fs/hpfs/super.c -destination=/data/backport/linux/241/pb/fs/hpfs/super.c -target=/data/backport/linux/241/pc/fs/hpfs/super.c -map=/FixMorph/output/linux-241/namespace-map-local > /FixMorph/output/linux-241/tmp/temp-fix 2> /FixMorph/logs/log-error
[Sat Apr 24 19:03:43 2021][COMMAND]: cp /FixMorph/output/linux-241/tmp/temp-fix /data/backport/linux/241/pc-patch/fs/hpfs/super.c
[Sat Apr 24 19:03:43 2021][COMMAND]: diff -ENZBbwr /data/backport/linux/241/pc/fs/hpfs/super.c /data/backport/linux/241/pc-patch/fs/hpfs/super.c > /FixMorph/output/linux-241/tmp/gen-patch
[Sat Apr 24 19:03:43 2021][COMMAND]: clang-check -fixit /data/backport/linux/241/pc-patch/fs/hpfs/super.c 2>/FixMorph/output/linux-241/1_syntax_errors
[Sat Apr 24 19:03:43 2021][COMMAND]: crochet-diff -ast-dump-json /data/backport/linux/241/pc-patch//fs/hpfs/super.c 2> /FixMorph/output/linux-241/errors_AST_dump > /data/backport/linux/241/pc-patch//fs/hpfs/super.c.AST
[Sat Apr 24 19:03:46 2021][COMMAND]: crochet-diff -ast-dump-json /data/backport/linux/241/pc-patch//fs/hpfs/super.c 2> /FixMorph/output/linux-241/errors_AST_dump > /data/backport/linux/241/pc-patch//fs/hpfs/super.c.AST
[Sat Apr 24 19:03:48 2021][COMMAND]: crochet-diff -ast-dump-json /data/backport/linux/241/pc-patch//fs/hpfs/super.c 2> /FixMorph/output/linux-241/errors_AST_dump > /data/backport/linux/241/pc-patch//fs/hpfs/super.c.AST
[Sat Apr 24 19:03:52 2021][COMMAND]: crochet-diff -ast-dump-json /data/backport/linux/241/pc-patch//fs/hpfs/super.c 2> /FixMorph/output/linux-241/errors_AST_dump > /data/backport/linux/241/pc-patch//fs/hpfs/super.c.AST
[Sat Apr 24 19:03:55 2021][COMMAND]: diff -ENZBbwr /data/backport/linux/241/pa/fs/hpfs/super.c /data/backport/linux/241/pb/fs/hpfs/super.c > /FixMorph/output/linux-241/err_buf-original-patch
[Sat Apr 24 19:03:55 2021][COMMAND]: diff -ENZBbwr /data/backport/linux/241/pc/fs/hpfs/super.c /data/backport/linux/241/pc-patch//fs/hpfs/super.c > /FixMorph/output/linux-241/err_buf-generated-patch
[Sat Apr 24 19:03:55 2021][COMMAND]: clang-check -analyze /data/backport/linux/241/pc-patch/fs/hpfs/super.c > /FixMorph/output/linux-241/syntax-errors 2>&1
[Sat Apr 24 19:03:56 2021][COMMAND]: cd /data/backport/linux/241/pc-patch/; make clean; make distclean; rm CMakeCache.txt; rm -rf CMakeFiles
[Sat Apr 24 19:04:00 2021][COMMAND]: cd /data/backport/linux/241/pc-patch/;make allyesconfig
[Sat Apr 24 19:04:02 2021][COMMAND]: cd /data/backport/linux/241/pc-patch/;bear make fs/hpfs/super.o > /FixMorph/logs/log-make 2>&1
[Sat Apr 24 19:04:08 2021][ERROR]: Traceback (most recent call last):  File "/FixMorph/app/phases/verify.py", line 71, in safe_exec    result = function_def()  File "/FixMorph/app/phases/verify.py", line 19, in verify_compilation    verifier.run_compilation()  File "/FixMorph/app/tools/verifier.py", line 11, in run_compilation    builder.build_verify()  File "/FixMorph/app/tools/builder.py", line 374, in build_verify    build_project(values.Project_D.path, values.CONF_BUILD_COMMAND_C, verify=True)  File "/FixMorph/app/tools/builder.py", line 184, in build_project    error_exit("BUILD FAILED!!\nExit Code: " + str(ret_code))  File "/FixMorph/app/common/utilities.py", line 83, in error_exit    raise Exception("Error. Exiting...")Exception: Error. Exiting...During handling of the above exception, another exception occurred:Traceback (most recent call last):  File "/FixMorph/app/main.py", line 184, in main    run(sys.argv[1:])  File "/FixMorph/app/main.py", line 162, in run    verify.start()  File "/FixMorph/app/phases/verify.py", line 98, in start    safe_exec(verify_compilation, "verifying compilation")  File "/FixMorph/app/phases/verify.py", line 79, in safe_exec    error_exit(exception, "Unexpected error during " + description + ".")  File "/FixMorph/app/common/utilities.py", line 83, in error_exit    raise Exception("Error. Exiting...")Exception: Error. Exiting...
