[Sat Apr 24 18:02:29 2021][COMMAND]: export PYTHONPATH=/home/rshariffdeen/workspace/z3/build/python
[Sat Apr 24 18:02:29 2021][COMMAND]: cd /data/backport/linux/237/pa/;git clean -fd; git reset --hard HEAD
[Sat Apr 24 18:02:31 2021][COMMAND]: cd /data/backport/linux/237/pb/;git clean -fd; git reset --hard HEAD
[Sat Apr 24 18:02:34 2021][COMMAND]: cd /data/backport/linux/237/pc/;git clean -fd; git reset --hard HEAD
[Sat Apr 24 18:02:35 2021][COMMAND]: cd /data/backport/linux/237/pc-patch/;git clean -fd; git reset --hard HEAD; git checkout f61c0cf74359a500307aff1a26d081023348ab28
[Sat Apr 24 18:02:45 2021][COMMAND]: cd /data/backport/linux/237/pe/;git clean -fd; git reset --hard HEAD
[Sat Apr 24 18:02:46 2021][COMMAND]: cd /data/backport/linux/237/pa/; make clean; make distclean; rm CMakeCache.txt; rm -rf CMakeFiles
[Sat Apr 24 18:02:55 2021][COMMAND]: cd /data/backport/linux/237/pb/; make clean; make distclean; rm CMakeCache.txt; rm -rf CMakeFiles
[Sat Apr 24 18:03:26 2021][COMMAND]: cd /data/backport/linux/237/pc/; make clean; make distclean; rm CMakeCache.txt; rm -rf CMakeFiles
[Sat Apr 24 18:03:33 2021][COMMAND]: cd /data/backport/linux/237/pc-patch/; make clean; make distclean; rm CMakeCache.txt; rm -rf CMakeFiles
[Sat Apr 24 18:03:41 2021][COMMAND]: cd /data/backport/linux/237/pe/; make clean; make distclean; rm CMakeCache.txt; rm -rf CMakeFiles
[Sat Apr 24 18:03:48 2021][COMMAND]: cd /data/backport/linux/237/pa/;make allyesconfig
[Sat Apr 24 18:03:51 2021][COMMAND]: cd /data/backport/linux/237/pb/;make allyesconfig
[Sat Apr 24 18:03:53 2021][COMMAND]: cd /data/backport/linux/237/pc/;make allyesconfig
[Sat Apr 24 18:03:58 2021][COMMAND]: cd /data/backport/linux/237/pc-patch/;make allyesconfig
[Sat Apr 24 18:04:00 2021][COMMAND]: cd /data/backport/linux/237/pe/;make allyesconfig
[Sat Apr 24 18:04:02 2021][COMMAND]: cd /data/backport/linux/237/pa/;bear make net/mac80211/mesh.o > /FixMorph/logs/log-make 2>&1
[Sat Apr 24 18:04:19 2021][COMMAND]: cd /data/backport/linux/237/pa/;cp compile_commands.json /FixMorph/output/linux-237/compile_commands.json.pa
[Sat Apr 24 18:04:19 2021][COMMAND]: cd /data/backport/linux/237/pb/;bear make net/mac80211/mesh.o > /FixMorph/logs/log-make 2>&1
[Sat Apr 24 18:04:36 2021][COMMAND]: cd /data/backport/linux/237/pb/;cp compile_commands.json /FixMorph/output/linux-237/compile_commands.json.pb
[Sat Apr 24 18:04:36 2021][COMMAND]: cd /data/backport/linux/237/pc/;bear make net/mac80211/mesh.o > /FixMorph/logs/log-make 2>&1
[Sat Apr 24 18:04:51 2021][COMMAND]: cd /data/backport/linux/237/pc/;cp compile_commands.json /FixMorph/output/linux-237/compile_commands.json.pc
[Sat Apr 24 18:04:51 2021][COMMAND]: cd /data/backport/linux/237/pc-patch/;bear make net/mac80211/mesh.o > /FixMorph/logs/log-make 2>&1
[Sat Apr 24 18:05:01 2021][COMMAND]: cd /data/backport/linux/237/pc-patch/;cp compile_commands.json /FixMorph/output/linux-237/compile_commands.json.pc-patch
[Sat Apr 24 18:05:01 2021][COMMAND]: cd /data/backport/linux/237/pe/;bear make net/mac80211/mesh.o > /FixMorph/logs/log-make 2>&1
[Sat Apr 24 18:05:11 2021][COMMAND]: cd /data/backport/linux/237/pe/;cp compile_commands.json /FixMorph/output/linux-237/compile_commands.json.pe
[Sat Apr 24 18:05:11 2021][COMMAND]: find /data/backport/linux/237/pa -type f -not -name '*\.c' -not -name '*\.h' > /FixMorph/output/linux-237/tmp/excluded-extensions-a
[Sat Apr 24 18:05:13 2021][COMMAND]: find /data/backport/linux/237/pb -type f -not -name '*\.c' -not -name '*\.h' > /FixMorph/output/linux-237/tmp/excluded-extensions-b
[Sat Apr 24 18:05:13 2021][COMMAND]: cd /data/backport/linux/237/pa;git ls-files --others --exclude-standard > /FixMorph/output/linux-237/tmp/excluded-extensions
[Sat Apr 24 18:05:14 2021][COMMAND]: diff -ENBZbwr /data/backport/linux/237/pa/net/mac80211/mesh.c /data/backport/linux/237/pb/net/mac80211/mesh.c > /FixMorph/output/linux-237/temp_diff
[Sat Apr 24 18:05:14 2021][COMMAND]: cat /data/backport/linux/237/pa/net/mac80211/mesh.c | grep '#include' > /FixMorph/output/linux-237/tmp/header-list
[Sat Apr 24 18:05:14 2021][COMMAND]: cat /data/backport/linux/237/pb/net/mac80211/mesh.c | grep '#include' > /FixMorph/output/linux-237/tmp/header-list
[Sat Apr 24 18:05:14 2021][COMMAND]: cat /data/backport/linux/237/pa/net/mac80211/mesh.c | grep '#if' > /FixMorph/output/linux-237/tmp/result
[Sat Apr 24 18:05:14 2021][COMMAND]: crochet-diff -ast-dump-json /data/backport/linux/237/pa/net/mac80211/mesh.c 2> /FixMorph/output/linux-237/errors_AST_dump > /data/backport/linux/237/pa/net/mac80211/mesh.c.AST
[Sat Apr 24 18:05:21 2021][COMMAND]: echo /data/backport/linux/237/pa/net/mac80211/mesh.c.func_mesh_sta_cleanup.vec >> /FixMorph/output/linux-237/tmp/deckard_error_log; third-party/Deckard/cvecgen_fail  --start-line-number 148 --end-line-number 170 /data/backport/linux/237/pa/net/mac80211/mesh.c -o /data/backport/linux/237/pa/net/mac80211/mesh.c.func_mesh_sta_cleanup.vec 2> /FixMorph/output/linux-237/tmp/deckard_error_log
[Sat Apr 24 18:05:21 2021][COMMAND]: cat /data/backport/linux/237/pc/net/mac80211/mesh.c | grep '#if' > /FixMorph/output/linux-237/tmp/result
[Sat Apr 24 18:05:21 2021][COMMAND]: crochet-diff -ast-dump-json /data/backport/linux/237/pc/net/mac80211/mesh.c 2> /FixMorph/output/linux-237/errors_AST_dump > /data/backport/linux/237/pc/net/mac80211/mesh.c.AST
[Sat Apr 24 18:05:29 2021][COMMAND]: crochet-diff -ast-dump-json /data/backport/linux/237/pc/net/mac80211/mesh.c 2> /FixMorph/output/linux-237/errors_AST_dump > /data/backport/linux/237/pc/net/mac80211/mesh.c.AST
[Sat Apr 24 18:05:34 2021][COMMAND]: crochet-diff -ast-dump-json    /data/backport/linux/237/pc/net/mac80211/mesh.c 2> /FixMorph/output/linux-237/errors_AST_dump > /data/backport/linux/237/pc/net/mac80211/mesh.c.AST
[Sat Apr 24 18:05:42 2021][COMMAND]: crochet-diff -ast-dump-json    /data/backport/linux/237/pc/net/mac80211/mesh.c 2> /FixMorph/output/linux-237/errors_AST_dump > /data/backport/linux/237/pc/net/mac80211/mesh.c.AST
[Sat Apr 24 18:05:48 2021][COMMAND]: find /data/backport/linux/237/pa/ -name '*.func_*\.vec'  > /FixMorph/output/linux-237/vectors_C_Pa
[Sat Apr 24 18:05:49 2021][COMMAND]: echo /data/backport/linux/237/pc/net/mac80211/mesh.c.func_mesh_sta_cleanup.vec >> /FixMorph/output/linux-237/tmp/deckard_error_log; third-party/Deckard/cvecgen_fail  --start-line-number 148 --end-line-number 170 /data/backport/linux/237/pc/net/mac80211/mesh.c -o /data/backport/linux/237/pc/net/mac80211/mesh.c.func_mesh_sta_cleanup.vec 2> /FixMorph/output/linux-237/tmp/deckard_error_log
[Sat Apr 24 18:05:49 2021][COMMAND]: find /data/backport/linux/237/pa/ -name '*.func_*\.vec'  > /FixMorph/output/linux-237/vectors_C_Pa
[Sat Apr 24 18:05:49 2021][COMMAND]: find /data/backport/linux/237/pc/ -name '*.func_*\.vec'  > /FixMorph/output/linux-237/vectors_C_Pc
[Sat Apr 24 18:05:50 2021][COMMAND]: crochet-diff -ast-dump-json /data/backport/linux/237/pa/net/mac80211/mesh.c 2> /FixMorph/output/linux-237/errors_AST_dump > /data/backport/linux/237/pa/net/mac80211/mesh.c.AST
[Sat Apr 24 18:06:00 2021][COMMAND]: crochet-patch -s=1000 -script=/FixMorph/output/linux-237/mesh.c.func.mesh_sta_cleanup.slice.ast -source=/data/backport/linux/237/pa/net/mac80211/mesh.c -destination=/data/backport/linux/237/pa/net/mac80211/mesh.c -target=/data/backport/linux/237/pa/net/mac80211/mesh.c -map= 2> output/errors > /data/backport/linux/237/pa/net/mac80211/mesh.c.func.mesh_sta_cleanup.slice
[Sat Apr 24 18:06:11 2021][COMMAND]: crochet-diff -ast-dump-json /data/backport/linux/237/pc/net/mac80211/mesh.c 2> /FixMorph/output/linux-237/errors_AST_dump > /data/backport/linux/237/pc/net/mac80211/mesh.c.AST
[Sat Apr 24 18:06:21 2021][COMMAND]: crochet-patch -s=1000 -script=/FixMorph/output/linux-237/mesh.c.func.mesh_sta_cleanup.slice.ast -source=/data/backport/linux/237/pc/net/mac80211/mesh.c -destination=/data/backport/linux/237/pc/net/mac80211/mesh.c -target=/data/backport/linux/237/pc/net/mac80211/mesh.c -map= 2> output/errors > /data/backport/linux/237/pc/net/mac80211/mesh.c.func.mesh_sta_cleanup.slice
[Sat Apr 24 18:06:33 2021][COMMAND]: crochet-diff -ast-dump-json /data/backport/linux/237/pa/net/mac80211/mesh.c 2> /FixMorph/output/linux-237/errors_AST_dump > /data/backport/linux/237/pa/net/mac80211/mesh.c.AST
[Sat Apr 24 18:06:42 2021][COMMAND]: crochet-diff -ast-dump-json /data/backport/linux/237/pc/net/mac80211/mesh.c 2> /FixMorph/output/linux-237/errors_AST_dump > /data/backport/linux/237/pc/net/mac80211/mesh.c.AST
[Sat Apr 24 18:06:53 2021][COMMAND]: crochet-diff  -s=1000 -dump-matches /data/backport/linux/237/pa/net/mac80211/mesh.c /data/backport/linux/237/pc/net/mac80211/mesh.c 2> output/errors_clang_diff  > /FixMorph/output/linux-237/tmp/morph.map
[Sat Apr 24 18:10:45 2021][COMMAND]: crochet-diff -ast-dump-json /data/backport/linux/237/pb/net/mac80211/mesh.c 2> /FixMorph/output/linux-237/errors_AST_dump > /data/backport/linux/237/pb/net/mac80211/mesh.c.AST
[Sat Apr 24 18:10:52 2021][COMMAND]: crochet-patch -s=1000 -script=/FixMorph/output/linux-237/mesh.c.func.mesh_sta_cleanup.slice.ast -source=/data/backport/linux/237/pb/net/mac80211/mesh.c -destination=/data/backport/linux/237/pb/net/mac80211/mesh.c -target=/data/backport/linux/237/pb/net/mac80211/mesh.c -map= 2> output/errors > /data/backport/linux/237/pb/net/mac80211/mesh.c.func.mesh_sta_cleanup.slice
[Sat Apr 24 18:11:01 2021][COMMAND]: crochet-diff -ast-dump-json /data/backport/linux/237/pc-patch//net/mac80211/mesh.c 2> /FixMorph/output/linux-237/errors_AST_dump > /data/backport/linux/237/pc-patch//net/mac80211/mesh.c.AST
[Sat Apr 24 18:11:10 2021][COMMAND]: crochet-patch -s=1000 -script=/FixMorph/output/linux-237/mesh.c.func.mesh_sta_cleanup.slice.ast -source=/data/backport/linux/237/pc-patch//net/mac80211/mesh.c -destination=/data/backport/linux/237/pc-patch//net/mac80211/mesh.c -target=/data/backport/linux/237/pc-patch//net/mac80211/mesh.c -map= 2> output/errors > /data/backport/linux/237/pc-patch//net/mac80211/mesh.c.func.mesh_sta_cleanup.slice
[Sat Apr 24 18:11:24 2021][COMMAND]: crochet-diff  -s=1000 -dump-matches /data/backport/linux/237/pa/net/mac80211/mesh.c /data/backport/linux/237/pb/net/mac80211/mesh.c 2> output/errors_clang_diff  > /FixMorph/output/linux-237/tmp/diff_script_AB
[Sat Apr 24 18:13:15 2021][COMMAND]: crochet-diff -ast-dump-json /data/backport/linux/237/pa/net/mac80211/mesh.c 2> /FixMorph/output/linux-237/errors_AST_dump > /data/backport/linux/237/pa/net/mac80211/mesh.c.AST
[Sat Apr 24 18:13:21 2021][COMMAND]: crochet-diff -ast-dump-json /data/backport/linux/237/pc/net/mac80211/mesh.c 2> /FixMorph/output/linux-237/errors_AST_dump > /data/backport/linux/237/pc/net/mac80211/mesh.c.AST
[Sat Apr 24 18:13:31 2021][COMMAND]: crochet-diff  -s=1000 -dump-matches /data/backport/linux/237/pa/net/mac80211/mesh.c /data/backport/linux/237/pc/net/mac80211/mesh.c 2> output/errors_clang_diff  > /FixMorph/output/linux-237/mesh.c.func.mesh_sta_cleanup.slice.map
[Sat Apr 24 18:17:19 2021][COMMAND]: crochet-diff -ast-dump-json /data/backport/linux/237/pa/net/mac80211/mesh.c 2> /FixMorph/output/linux-237/errors_AST_dump > /data/backport/linux/237/pa/net/mac80211/mesh.c.AST
[Sat Apr 24 18:17:26 2021][COMMAND]: crochet-diff -ast-dump-json /data/backport/linux/237/pc/net/mac80211/mesh.c 2> /FixMorph/output/linux-237/errors_AST_dump > /data/backport/linux/237/pc/net/mac80211/mesh.c.AST
[Sat Apr 24 18:26:34 2021][COMMAND]: crochet-diff -ast-dump-json /data/backport/linux/237/pa/net/mac80211/mesh.c 2> /FixMorph/output/linux-237/errors_AST_dump > /data/backport/linux/237/pa/net/mac80211/mesh.c.AST
[Sat Apr 24 18:26:43 2021][COMMAND]: crochet-diff -ast-dump-json /data/backport/linux/237/pc/net/mac80211/mesh.c 2> /FixMorph/output/linux-237/errors_AST_dump > /data/backport/linux/237/pc/net/mac80211/mesh.c.AST
[Sat Apr 24 18:27:11 2021][COMMAND]: crochet-diff -ast-dump-json /data/backport/linux/237/pa/net/mac80211/mesh.c 2> /FixMorph/output/linux-237/errors_AST_dump > /data/backport/linux/237/pa/net/mac80211/mesh.c.AST
[Sat Apr 24 18:27:19 2021][COMMAND]: crochet-diff -ast-dump-json /data/backport/linux/237/pc/net/mac80211/mesh.c 2> /FixMorph/output/linux-237/errors_AST_dump > /data/backport/linux/237/pc/net/mac80211/mesh.c.AST
[Sat Apr 24 18:27:29 2021][COMMAND]: crochet-diff  -s=1000 -ast-dump-json /data/backport/linux/237/pa/net/mac80211/mesh.c 2> /FixMorph/output/linux-237/errors_AST_dump > /FixMorph/output/linux-237/json_Pa
[Sat Apr 24 18:27:38 2021][COMMAND]: crochet-diff  -s=1000 -ast-dump-json /data/backport/linux/237/pb/net/mac80211/mesh.c 2> /FixMorph/output/linux-237/errors_AST_dump > /FixMorph/output/linux-237/json_Pb
[Sat Apr 24 18:27:46 2021][COMMAND]: crochet-diff  -s=1000 -ast-dump-json /data/backport/linux/237/pc/net/mac80211/mesh.c 2> /FixMorph/output/linux-237/errors_AST_dump > /FixMorph/output/linux-237/json_Pc
[Sat Apr 24 18:27:55 2021][COMMAND]: crochet-diff -ast-dump-json /data/backport/linux/237/pa/net/mac80211/mesh.c 2> /FixMorph/output/linux-237/errors_AST_dump > /data/backport/linux/237/pa/net/mac80211/mesh.c.AST
[Sat Apr 24 18:28:03 2021][COMMAND]: crochet-diff -ast-dump-json /data/backport/linux/237/pb/net/mac80211/mesh.c 2> /FixMorph/output/linux-237/errors_AST_dump > /data/backport/linux/237/pb/net/mac80211/mesh.c.AST
[Sat Apr 24 18:28:13 2021][COMMAND]: crochet-diff -ast-dump-json /data/backport/linux/237/pc/net/mac80211/mesh.c 2> /FixMorph/output/linux-237/errors_AST_dump > /data/backport/linux/237/pc/net/mac80211/mesh.c.AST
[Sat Apr 24 18:28:24 2021][COMMAND]: crochet-diff -ast-dump-json /data/backport/linux/237/pb/net/mac80211/mesh.c 2> /FixMorph/output/linux-237/errors_AST_dump > /data/backport/linux/237/pb/net/mac80211/mesh.c.AST
[Sat Apr 24 18:28:39 2021][COMMAND]: crochet-diff -ast-dump-json /data/backport/linux/237/pc/net/mac80211/mesh.c 2> /FixMorph/output/linux-237/errors_AST_dump > /data/backport/linux/237/pc/net/mac80211/mesh.c.AST
[Sat Apr 24 18:28:50 2021][COMMAND]: crochet-diff -ast-dump-json /data/backport/linux/237/pa/net/mac80211/mesh.c 2> /FixMorph/output/linux-237/errors_AST_dump > /data/backport/linux/237/pa/net/mac80211/mesh.c.AST
[Sat Apr 24 18:29:02 2021][COMMAND]: crochet-diff -ast-dump-json /data/backport/linux/237/pb/net/mac80211/mesh.c 2> /FixMorph/output/linux-237/errors_AST_dump > /data/backport/linux/237/pb/net/mac80211/mesh.c.AST
[Sat Apr 24 18:29:16 2021][COMMAND]: crochet-diff -ast-dump-json /data/backport/linux/237/pc/net/mac80211/mesh.c 2> /FixMorph/output/linux-237/errors_AST_dump > /data/backport/linux/237/pc/net/mac80211/mesh.c.AST
[Sat Apr 24 18:29:26 2021][COMMAND]: cat /data/backport/linux/237/pc-patch//net/mac80211/mesh.c | grep '#ifdef' > /FixMorph/output/linux-237/tmp/result
[Sat Apr 24 18:29:26 2021][COMMAND]: clang -E -dD -dM /data/backport/linux/237/pc-patch//net/mac80211/mesh.c > /FixMorph/output/linux-237/tmp/macro-def
[Sat Apr 24 18:29:35 2021][COMMAND]: cat /data/backport/linux/237/pc-patch//net/mac80211/mesh.c | grep '#ifdef' > /FixMorph/output/linux-237/tmp/result
[Sat Apr 24 18:29:35 2021][COMMAND]: clang -E -dD -dM /data/backport/linux/237/pc-patch//net/mac80211/mesh.c > /FixMorph/output/linux-237/tmp/macro-def
[Sat Apr 24 18:29:44 2021][COMMAND]: cat /data/backport/linux/237/pc-patch//net/mac80211/mesh.c | grep '#ifdef' > /FixMorph/output/linux-237/tmp/result
[Sat Apr 24 18:29:44 2021][COMMAND]: clang -E -dD -dM /data/backport/linux/237/pc-patch//net/mac80211/mesh.c > /FixMorph/output/linux-237/tmp/macro-def
[Sat Apr 24 18:29:51 2021][COMMAND]: cat /data/backport/linux/237/pc-patch//net/mac80211/mesh.c | grep '#ifdef' > /FixMorph/output/linux-237/tmp/result
[Sat Apr 24 18:29:51 2021][COMMAND]: clang -E -dD -dM /data/backport/linux/237/pc-patch//net/mac80211/mesh.c > /FixMorph/output/linux-237/tmp/macro-def
[Sat Apr 24 18:29:58 2021][COMMAND]: crochet-diff -ast-dump-json /data/backport/linux/237/pb/net/mac80211/mesh.c 2> /FixMorph/output/linux-237/errors_AST_dump > /data/backport/linux/237/pb/net/mac80211/mesh.c.AST
[Sat Apr 24 18:30:07 2021][COMMAND]: cp /data/backport/linux/237/pc/net/mac80211/mesh.c /FixMorph/backup/1_mesh.c
[Sat Apr 24 18:30:07 2021][COMMAND]: crochet-patch -s=1000 -script=/FixMorph/output/linux-237/mesh_sta_cleanup_script -source=/data/backport/linux/237/pa/net/mac80211/mesh.c -destination=/data/backport/linux/237/pb/net/mac80211/mesh.c -target=/data/backport/linux/237/pc/net/mac80211/mesh.c -map=/FixMorph/output/linux-237/namespace-map-local > /FixMorph/output/linux-237/tmp/temp-fix 2> /FixMorph/logs/log-error
[Sat Apr 24 18:36:26 2021][COMMAND]: cp /FixMorph/output/linux-237/tmp/temp-fix /data/backport/linux/237/pc-patch/net/mac80211/mesh.c
[Sat Apr 24 18:36:26 2021][COMMAND]: diff -ENZBbwr /data/backport/linux/237/pc/net/mac80211/mesh.c /data/backport/linux/237/pc-patch/net/mac80211/mesh.c > /FixMorph/output/linux-237/tmp/gen-patch
[Sat Apr 24 18:36:26 2021][COMMAND]: clang-check -fixit /data/backport/linux/237/pc-patch/net/mac80211/mesh.c 2>/FixMorph/output/linux-237/1_syntax_errors
[Sat Apr 24 18:36:28 2021][COMMAND]: crochet-diff -ast-dump-json /data/backport/linux/237/pc-patch//net/mac80211/mesh.c 2> /FixMorph/output/linux-237/errors_AST_dump > /data/backport/linux/237/pc-patch//net/mac80211/mesh.c.AST
[Sat Apr 24 18:36:35 2021][COMMAND]: crochet-diff -ast-dump-json /data/backport/linux/237/pc-patch//net/mac80211/mesh.c 2> /FixMorph/output/linux-237/errors_AST_dump > /data/backport/linux/237/pc-patch//net/mac80211/mesh.c.AST
[Sat Apr 24 18:36:43 2021][COMMAND]: diff -ENZBbwr /data/backport/linux/237/pa/net/mac80211/mesh.c /data/backport/linux/237/pb/net/mac80211/mesh.c > /FixMorph/output/linux-237/mesh_sta_cleanup-original-patch
[Sat Apr 24 18:36:43 2021][COMMAND]: diff -ENZBbwr /data/backport/linux/237/pc/net/mac80211/mesh.c /data/backport/linux/237/pc-patch//net/mac80211/mesh.c > /FixMorph/output/linux-237/mesh_sta_cleanup-generated-patch
[Sat Apr 24 18:36:43 2021][COMMAND]: clang-check -analyze /data/backport/linux/237/pc-patch/net/mac80211/mesh.c > /FixMorph/output/linux-237/syntax-errors 2>&1
[Sat Apr 24 18:36:45 2021][COMMAND]: cd /data/backport/linux/237/pc-patch/; make clean; make distclean; rm CMakeCache.txt; rm -rf CMakeFiles
[Sat Apr 24 18:36:52 2021][COMMAND]: cd /data/backport/linux/237/pc-patch/;make allyesconfig
[Sat Apr 24 18:36:54 2021][COMMAND]: cd /data/backport/linux/237/pc-patch/;bear make net/mac80211/mesh.o > /FixMorph/logs/log-make 2>&1
[Sat Apr 24 18:37:04 2021][ERROR]: Traceback (most recent call last):  File "/FixMorph/app/phases/verify.py", line 71, in safe_exec    result = function_def()  File "/FixMorph/app/phases/verify.py", line 19, in verify_compilation    verifier.run_compilation()  File "/FixMorph/app/tools/verifier.py", line 11, in run_compilation    builder.build_verify()  File "/FixMorph/app/tools/builder.py", line 374, in build_verify    build_project(values.Project_D.path, values.CONF_BUILD_COMMAND_C, verify=True)  File "/FixMorph/app/tools/builder.py", line 184, in build_project    error_exit("BUILD FAILED!!\nExit Code: " + str(ret_code))  File "/FixMorph/app/common/utilities.py", line 83, in error_exit    raise Exception("Error. Exiting...")Exception: Error. Exiting...During handling of the above exception, another exception occurred:Traceback (most recent call last):  File "/FixMorph/app/main.py", line 184, in main    run(sys.argv[1:])  File "/FixMorph/app/main.py", line 162, in run    verify.start()  File "/FixMorph/app/phases/verify.py", line 98, in start    safe_exec(verify_compilation, "verifying compilation")  File "/FixMorph/app/phases/verify.py", line 79, in safe_exec    error_exit(exception, "Unexpected error during " + description + ".")  File "/FixMorph/app/common/utilities.py", line 83, in error_exit    raise Exception("Error. Exiting...")Exception: Error. Exiting...
